2026-06-18T13:47:13.699-0400 [DEBUG] [org.gradle.launcher.daemon.bootstrap.DaemonMain] Assuming the daemon was started with following jvm opts: [-Xmx1G, -Dfile.encoding=UTF-8, -Duser.country=US, -Duser.language=en, -Duser.variant]
2026-06-18T13:47:13.760-0400 [DEBUG] [org.gradle.internal.remote.internal.inet.InetAddresses] Adding IP addresses for network interface Realtek PCIe 2.5GbE Family Controller-WFP Native MAC Layer LightWeight Filter-0000
2026-06-18T13:47:13.761-0400 [DEBUG] [org.gradle.internal.remote.internal.inet.InetAddresses] Is this a loopback interface? false
2026-06-18T13:47:13.761-0400 [DEBUG] [org.gradle.internal.remote.internal.inet.InetAddresses] Adding IP addresses for network interface Realtek PCIe 2.5GbE Family Controller-QoS Packet Scheduler-0000
2026-06-18T13:47:13.761-0400 [DEBUG] [org.gradle.internal.remote.internal.inet.InetAddresses] Is this a loopback interface? false
2026-06-18T13:47:13.762-0400 [DEBUG] [org.gradle.internal.remote.internal.inet.InetAddresses] Adding IP addresses for network interface Realtek PCIe 2.5GbE Family Controller-WFP 802.3 MAC Layer LightWeight Filter-0000
2026-06-18T13:47:13.762-0400 [DEBUG] [org.gradle.internal.remote.internal.inet.InetAddresses] Is this a loopback interface? false
2026-06-18T13:47:13.762-0400 [DEBUG] [org.gradle.internal.remote.internal.inet.InetAddresses] Adding IP addresses for network interface WAN Miniport (IP)-WFP Native MAC Layer LightWeight Filter-0000
2026-06-18T13:47:13.762-0400 [DEBUG] [org.gradle.internal.remote.internal.inet.InetAddresses] Is this a loopback interface? false
2026-06-18T13:47:13.762-0400 [DEBUG] [org.gradle.internal.remote.internal.inet.InetAddresses] Adding IP addresses for network interface WAN Miniport (IP)-QoS Packet Scheduler-0000
2026-06-18T13:47:13.763-0400 [DEBUG] [org.gradle.internal.remote.internal.inet.InetAddresses] Is this a loopback interface? false
2026-06-18T13:47:13.763-0400 [DEBUG] [org.gradle.internal.remote.internal.inet.InetAddresses] Adding IP addresses for network interface WAN Miniport (IPv6)-WFP Native MAC Layer LightWeight Filter-0000
2026-06-18T13:47:13.763-0400 [DEBUG] [org.gradle.internal.remote.internal.inet.InetAddresses] Is this a loopback interface? false
2026-06-18T13:47:13.763-0400 [DEBUG] [org.gradle.internal.remote.internal.inet.InetAddresses] Adding IP addresses for network interface WAN Miniport (IPv6)-QoS Packet Scheduler-0000
2026-06-18T13:47:13.763-0400 [DEBUG] [org.gradle.internal.remote.internal.inet.InetAddresses] Is this a loopback interface? false
2026-06-18T13:47:13.763-0400 [DEBUG] [org.gradle.internal.remote.internal.inet.InetAddresses] Adding IP addresses for network interface WAN Miniport (Network Monitor)-WFP Native MAC Layer LightWeight Filter-0000
2026-06-18T13:47:13.764-0400 [DEBUG] [org.gradle.internal.remote.internal.inet.InetAddresses] Is this a loopback interface? false
2026-06-18T13:47:13.764-0400 [DEBUG] [org.gradle.internal.remote.internal.inet.InetAddresses] Adding IP addresses for network interface WAN Miniport (Network Monitor)-QoS Packet Scheduler-0000
2026-06-18T13:47:13.764-0400 [DEBUG] [org.gradle.internal.remote.internal.inet.InetAddresses] Is this a loopback interface? false
2026-06-18T13:47:13.764-0400 [DEBUG] [org.gradle.internal.remote.internal.inet.InetAddresses] Adding IP addresses for network interface Realtek PCIe GbE Family Controller
2026-06-18T13:47:13.764-0400 [DEBUG] [org.gradle.internal.remote.internal.inet.InetAddresses] Is this a loopback interface? false
2026-06-18T13:47:13.764-0400 [DEBUG] [org.gradle.internal.remote.internal.inet.InetAddresses] Adding IP addresses for network interface Microsoft Kernel Debug Network Adapter
2026-06-18T13:47:13.764-0400 [DEBUG] [org.gradle.internal.remote.internal.inet.InetAddresses] Is this a loopback interface? false
2026-06-18T13:47:13.765-0400 [DEBUG] [org.gradle.internal.remote.internal.inet.InetAddresses] Adding IP addresses for network interface WAN Miniport (IP)
2026-06-18T13:47:13.765-0400 [DEBUG] [org.gradle.internal.remote.internal.inet.InetAddresses] Is this a loopback interface? false
2026-06-18T13:47:13.765-0400 [DEBUG] [org.gradle.internal.remote.internal.inet.InetAddresses] Adding IP addresses for network interface WAN Miniport (IPv6)
2026-06-18T13:47:13.765-0400 [DEBUG] [org.gradle.internal.remote.internal.inet.InetAddresses] Is this a loopback interface? false
2026-06-18T13:47:13.765-0400 [DEBUG] [org.gradle.internal.remote.internal.inet.InetAddresses] Adding IP addresses for network interface WAN Miniport (Network Monitor)
2026-06-18T13:47:13.765-0400 [DEBUG] [org.gradle.internal.remote.internal.inet.InetAddresses] Is this a loopback interface? false
2026-06-18T13:47:13.765-0400 [DEBUG] [org.gradle.internal.remote.internal.inet.InetAddresses] Adding IP addresses for network interface Bluetooth Device (Personal Area Network)
2026-06-18T13:47:13.766-0400 [DEBUG] [org.gradle.internal.remote.internal.inet.InetAddresses] Is this a loopback interface? false
2026-06-18T13:47:13.766-0400 [DEBUG] [org.gradle.internal.remote.internal.inet.InetAddresses] Adding IP addresses for network interface Realtek PCIe GbE Family Controller #2
2026-06-18T13:47:13.766-0400 [DEBUG] [org.gradle.internal.remote.internal.inet.InetAddresses] Is this a loopback interface? false
2026-06-18T13:47:13.766-0400 [DEBUG] [org.gradle.internal.remote.internal.inet.InetAddresses] Adding IP addresses for network interface Realtek PCIe 2.5GbE Family Controller
2026-06-18T13:47:13.766-0400 [DEBUG] [org.gradle.internal.remote.internal.inet.InetAddresses] Is this a loopback interface? false
2026-06-18T13:47:13.767-0400 [DEBUG] [org.gradle.internal.remote.internal.inet.InetAddresses] Adding remote address /fe80:0:0:0:3230:a196:ea3:1143%ethernet_32775
2026-06-18T13:47:13.767-0400 [DEBUG] [org.gradle.internal.remote.internal.inet.InetAddresses] Adding IP addresses for network interface Bluetooth Device (Personal Area Network) #2
2026-06-18T13:47:13.767-0400 [DEBUG] [org.gradle.internal.remote.internal.inet.InetAddresses] Is this a loopback interface? false
2026-06-18T13:47:13.767-0400 [DEBUG] [org.gradle.internal.remote.internal.inet.InetAddresses] Adding remote address /fe80:0:0:0:59f9:5855:20fa:da13%ethernet_32776
2026-06-18T13:47:13.767-0400 [DEBUG] [org.gradle.internal.remote.internal.inet.InetAddresses] Adding IP addresses for network interface Bluetooth Device (Personal Area Network) #3
2026-06-18T13:47:13.767-0400 [DEBUG] [org.gradle.internal.remote.internal.inet.InetAddresses] Is this a loopback interface? false
2026-06-18T13:47:13.767-0400 [DEBUG] [org.gradle.internal.remote.internal.inet.InetAddresses] Adding IP addresses for network interface WAN Miniport (PPPOE)
2026-06-18T13:47:13.767-0400 [DEBUG] [org.gradle.internal.remote.internal.inet.InetAddresses] Is this a loopback interface? false
2026-06-18T13:47:13.768-0400 [DEBUG] [org.gradle.internal.remote.internal.inet.InetAddresses] Adding IP addresses for network interface Software Loopback Interface 1
2026-06-18T13:47:13.768-0400 [DEBUG] [org.gradle.internal.remote.internal.inet.InetAddresses] Is this a loopback interface? true
2026-06-18T13:47:13.768-0400 [DEBUG] [org.gradle.internal.remote.internal.inet.InetAddresses] Adding loopback address /0:0:0:0:0:0:0:1
2026-06-18T13:47:13.768-0400 [DEBUG] [org.gradle.internal.remote.internal.inet.InetAddresses] Adding loopback address /127.0.0.1
2026-06-18T13:47:13.768-0400 [DEBUG] [org.gradle.internal.remote.internal.inet.InetAddresses] Adding IP addresses for network interface MediaTek Wi-Fi 6E MT7922 (RZ616) 160MHz Wireless LAN Card-WFP Native MAC Layer LightWeight Filter-0000
2026-06-18T13:47:13.768-0400 [DEBUG] [org.gradle.internal.remote.internal.inet.InetAddresses] Is this a loopback interface? false
2026-06-18T13:47:13.768-0400 [DEBUG] [org.gradle.internal.remote.internal.inet.InetAddresses] Adding IP addresses for network interface MediaTek Wi-Fi 6E MT7922 (RZ616) 160MHz Wireless LAN Card-Virtual WiFi Filter Driver-0000
2026-06-18T13:47:13.769-0400 [DEBUG] [org.gradle.internal.remote.internal.inet.InetAddresses] Is this a loopback interface? false
2026-06-18T13:47:13.769-0400 [DEBUG] [org.gradle.internal.remote.internal.inet.InetAddresses] Adding IP addresses for network interface MediaTek Wi-Fi 6E MT7922 (RZ616) 160MHz Wireless LAN Card-Native WiFi Filter Driver-0000
2026-06-18T13:47:13.769-0400 [DEBUG] [org.gradle.internal.remote.internal.inet.InetAddresses] Is this a loopback interface? false
2026-06-18T13:47:13.769-0400 [DEBUG] [org.gradle.internal.remote.internal.inet.InetAddresses] Adding IP addresses for network interface MediaTek Wi-Fi 6E MT7922 (RZ616) 160MHz Wireless LAN Card-QoS Packet Scheduler-0000
2026-06-18T13:47:13.769-0400 [DEBUG] [org.gradle.internal.remote.internal.inet.InetAddresses] Is this a loopback interface? false
2026-06-18T13:47:13.769-0400 [DEBUG] [org.gradle.internal.remote.internal.inet.InetAddresses] Adding IP addresses for network interface MediaTek Wi-Fi 6E MT7922 (RZ616) 160MHz Wireless LAN Card-WFP 802.3 MAC Layer LightWeight Filter-0000
2026-06-18T13:47:13.769-0400 [DEBUG] [org.gradle.internal.remote.internal.inet.InetAddresses] Is this a loopback interface? false
2026-06-18T13:47:13.770-0400 [DEBUG] [org.gradle.internal.remote.internal.inet.InetAddresses] Adding IP addresses for network interface Intel(R) Wi-Fi 6E AX210 160MHz #2-WFP Native MAC Layer LightWeight Filter-0000
2026-06-18T13:47:13.770-0400 [DEBUG] [org.gradle.internal.remote.internal.inet.InetAddresses] Is this a loopback interface? false
2026-06-18T13:47:13.770-0400 [DEBUG] [org.gradle.internal.remote.internal.inet.InetAddresses] Adding IP addresses for network interface Intel(R) Wi-Fi 6E AX210 160MHz #2-Virtual WiFi Filter Driver-0000
2026-06-18T13:47:13.770-0400 [DEBUG] [org.gradle.internal.remote.internal.inet.InetAddresses] Is this a loopback interface? false
2026-06-18T13:47:13.770-0400 [DEBUG] [org.gradle.internal.remote.internal.inet.InetAddresses] Adding IP addresses for network interface Intel(R) Wi-Fi 6E AX210 160MHz #2-Native WiFi Filter Driver-0000
2026-06-18T13:47:13.770-0400 [DEBUG] [org.gradle.internal.remote.internal.inet.InetAddresses] Is this a loopback interface? false
2026-06-18T13:47:13.771-0400 [DEBUG] [org.gradle.internal.remote.internal.inet.InetAddresses] Adding IP addresses for network interface Intel(R) Wi-Fi 6E AX210 160MHz #2-QoS Packet Scheduler-0000
2026-06-18T13:47:13.771-0400 [DEBUG] [org.gradle.internal.remote.internal.inet.InetAddresses] Is this a loopback interface? false
2026-06-18T13:47:13.771-0400 [DEBUG] [org.gradle.internal.remote.internal.inet.InetAddresses] Adding IP addresses for network interface Intel(R) Wi-Fi 6E AX210 160MHz #2-WFP 802.3 MAC Layer LightWeight Filter-0000
2026-06-18T13:47:13.771-0400 [DEBUG] [org.gradle.internal.remote.internal.inet.InetAddresses] Is this a loopback interface? false
2026-06-18T13:47:13.771-0400 [DEBUG] [org.gradle.internal.remote.internal.inet.InetAddresses] Adding IP addresses for network interface Microsoft Wi-Fi Direct Virtual Adapter #5-WFP Native MAC Layer LightWeight Filter-0000
2026-06-18T13:47:13.772-0400 [DEBUG] [org.gradle.internal.remote.internal.inet.InetAddresses] Is this a loopback interface? false
2026-06-18T13:47:13.772-0400 [DEBUG] [org.gradle.internal.remote.internal.inet.InetAddresses] Adding IP addresses for network interface Microsoft Wi-Fi Direct Virtual Adapter #5-Native WiFi Filter Driver-0000
2026-06-18T13:47:13.772-0400 [DEBUG] [org.gradle.internal.remote.internal.inet.InetAddresses] Is this a loopback interface? false
2026-06-18T13:47:13.772-0400 [DEBUG] [org.gradle.internal.remote.internal.inet.InetAddresses] Adding IP addresses for network interface Microsoft Wi-Fi Direct Virtual Adapter #5-QoS Packet Scheduler-0000
2026-06-18T13:47:13.772-0400 [DEBUG] [org.gradle.internal.remote.internal.inet.InetAddresses] Is this a loopback interface? false
2026-06-18T13:47:13.772-0400 [DEBUG] [org.gradle.internal.remote.internal.inet.InetAddresses] Adding IP addresses for network interface Microsoft Wi-Fi Direct Virtual Adapter #5-WFP 802.3 MAC Layer LightWeight Filter-0000
2026-06-18T13:47:13.772-0400 [DEBUG] [org.gradle.internal.remote.internal.inet.InetAddresses] Is this a loopback interface? false
2026-06-18T13:47:13.772-0400 [DEBUG] [org.gradle.internal.remote.internal.inet.InetAddresses] Adding IP addresses for network interface Microsoft Wi-Fi Direct Virtual Adapter #6-WFP Native MAC Layer LightWeight Filter-0000
2026-06-18T13:47:13.773-0400 [DEBUG] [org.gradle.internal.remote.internal.inet.InetAddresses] Is this a loopback interface? false
2026-06-18T13:47:13.773-0400 [DEBUG] [org.gradle.internal.remote.internal.inet.InetAddresses] Adding IP addresses for network interface Microsoft Wi-Fi Direct Virtual Adapter #6-Native WiFi Filter Driver-0000
2026-06-18T13:47:13.773-0400 [DEBUG] [org.gradle.internal.remote.internal.inet.InetAddresses] Is this a loopback interface? false
2026-06-18T13:47:13.773-0400 [DEBUG] [org.gradle.internal.remote.internal.inet.InetAddresses] Adding IP addresses for network interface Microsoft Wi-Fi Direct Virtual Adapter #6-QoS Packet Scheduler-0000
2026-06-18T13:47:13.773-0400 [DEBUG] [org.gradle.internal.remote.internal.inet.InetAddresses] Is this a loopback interface? false
2026-06-18T13:47:13.773-0400 [DEBUG] [org.gradle.internal.remote.internal.inet.InetAddresses] Adding IP addresses for network interface Microsoft Wi-Fi Direct Virtual Adapter #6-WFP 802.3 MAC Layer LightWeight Filter-0000
2026-06-18T13:47:13.773-0400 [DEBUG] [org.gradle.internal.remote.internal.inet.InetAddresses] Is this a loopback interface? false
2026-06-18T13:47:13.773-0400 [DEBUG] [org.gradle.internal.remote.internal.inet.InetAddresses] Adding IP addresses for network interface Intel(R) Wi-Fi 6E AX210 160MHz
2026-06-18T13:47:13.773-0400 [DEBUG] [org.gradle.internal.remote.internal.inet.InetAddresses] Is this a loopback interface? false
2026-06-18T13:47:13.773-0400 [DEBUG] [org.gradle.internal.remote.internal.inet.InetAddresses] Adding IP addresses for network interface Microsoft Wi-Fi Direct Virtual Adapter
2026-06-18T13:47:13.773-0400 [DEBUG] [org.gradle.internal.remote.internal.inet.InetAddresses] Is this a loopback interface? false
2026-06-18T13:47:13.774-0400 [DEBUG] [org.gradle.internal.remote.internal.inet.InetAddresses] Adding IP addresses for network interface Microsoft Wi-Fi Direct Virtual Adapter #2
2026-06-18T13:47:13.774-0400 [DEBUG] [org.gradle.internal.remote.internal.inet.InetAddresses] Is this a loopback interface? false
2026-06-18T13:47:13.774-0400 [DEBUG] [org.gradle.internal.remote.internal.inet.InetAddresses] Adding IP addresses for network interface Intel(R) Wi-Fi 6E AX210 160MHz #2
2026-06-18T13:47:13.774-0400 [DEBUG] [org.gradle.internal.remote.internal.inet.InetAddresses] Is this a loopback interface? false
2026-06-18T13:47:13.774-0400 [DEBUG] [org.gradle.internal.remote.internal.inet.InetAddresses] Adding remote address /fe80:0:0:0:a4d3:6b43:f8e:a260%wireless_32771
2026-06-18T13:47:13.774-0400 [DEBUG] [org.gradle.internal.remote.internal.inet.InetAddresses] Adding remote address /192.168.26.30
2026-06-18T13:47:13.774-0400 [DEBUG] [org.gradle.internal.remote.internal.inet.InetAddresses] Adding IP addresses for network interface Microsoft Wi-Fi Direct Virtual Adapter #3
2026-06-18T13:47:13.774-0400 [DEBUG] [org.gradle.internal.remote.internal.inet.InetAddresses] Is this a loopback interface? false
2026-06-18T13:47:13.774-0400 [DEBUG] [org.gradle.internal.remote.internal.inet.InetAddresses] Adding IP addresses for network interface Microsoft Wi-Fi Direct Virtual Adapter #4
2026-06-18T13:47:13.774-0400 [DEBUG] [org.gradle.internal.remote.internal.inet.InetAddresses] Is this a loopback interface? false
2026-06-18T13:47:13.774-0400 [DEBUG] [org.gradle.internal.remote.internal.inet.InetAddresses] Adding IP addresses for network interface MediaTek Wi-Fi 6E MT7922 (RZ616) 160MHz Wireless LAN Card
2026-06-18T13:47:13.774-0400 [DEBUG] [org.gradle.internal.remote.internal.inet.InetAddresses] Is this a loopback interface? false
2026-06-18T13:47:13.774-0400 [DEBUG] [org.gradle.internal.remote.internal.inet.InetAddresses] Adding remote address /fe80:0:0:0:e883:2225:8fe:28ff%wireless_32774
2026-06-18T13:47:13.774-0400 [DEBUG] [org.gradle.internal.remote.internal.inet.InetAddresses] Adding remote address /192.168.26.29
2026-06-18T13:47:13.774-0400 [DEBUG] [org.gradle.internal.remote.internal.inet.InetAddresses] Adding IP addresses for network interface Microsoft Wi-Fi Direct Virtual Adapter #5
2026-06-18T13:47:13.774-0400 [DEBUG] [org.gradle.internal.remote.internal.inet.InetAddresses] Is this a loopback interface? false
2026-06-18T13:47:13.775-0400 [DEBUG] [org.gradle.internal.remote.internal.inet.InetAddresses] Adding remote address /fe80:0:0:0:7ec:95bb:981a:5c47%wireless_32775
2026-06-18T13:47:13.775-0400 [DEBUG] [org.gradle.internal.remote.internal.inet.InetAddresses] Adding IP addresses for network interface Microsoft Wi-Fi Direct Virtual Adapter #6
2026-06-18T13:47:13.775-0400 [DEBUG] [org.gradle.internal.remote.internal.inet.InetAddresses] Is this a loopback interface? false
2026-06-18T13:47:13.775-0400 [DEBUG] [org.gradle.internal.remote.internal.inet.InetAddresses] Adding remote address /fe80:0:0:0:9411:e09a:4cfa:aac4%wireless_32776
2026-06-18T13:47:13.775-0400 [DEBUG] [org.gradle.internal.remote.internal.inet.InetAddresses] Adding IP addresses for network interface Microsoft Teredo Tunneling Adapter
2026-06-18T13:47:13.775-0400 [DEBUG] [org.gradle.internal.remote.internal.inet.InetAddresses] Is this a loopback interface? false
2026-06-18T13:47:13.775-0400 [DEBUG] [org.gradle.internal.remote.internal.inet.InetAddresses] Adding IP addresses for network interface Microsoft IP-HTTPS Platform Adapter
2026-06-18T13:47:13.775-0400 [DEBUG] [org.gradle.internal.remote.internal.inet.InetAddresses] Is this a loopback interface? false
2026-06-18T13:47:13.775-0400 [DEBUG] [org.gradle.internal.remote.internal.inet.InetAddresses] Adding IP addresses for network interface Microsoft 6to4 Adapter
2026-06-18T13:47:13.775-0400 [DEBUG] [org.gradle.internal.remote.internal.inet.InetAddresses] Is this a loopback interface? false
2026-06-18T13:47:13.775-0400 [DEBUG] [org.gradle.internal.remote.internal.inet.InetAddresses] Adding IP addresses for network interface WAN Miniport (SSTP)
2026-06-18T13:47:13.775-0400 [DEBUG] [org.gradle.internal.remote.internal.inet.InetAddresses] Is this a loopback interface? false
2026-06-18T13:47:13.775-0400 [DEBUG] [org.gradle.internal.remote.internal.inet.InetAddresses] Adding IP addresses for network interface WAN Miniport (IKEv2)
2026-06-18T13:47:13.775-0400 [DEBUG] [org.gradle.internal.remote.internal.inet.InetAddresses] Is this a loopback interface? false
2026-06-18T13:47:13.775-0400 [DEBUG] [org.gradle.internal.remote.internal.inet.InetAddresses] Adding IP addresses for network interface WAN Miniport (L2TP)
2026-06-18T13:47:13.775-0400 [DEBUG] [org.gradle.internal.remote.internal.inet.InetAddresses] Is this a loopback interface? false
2026-06-18T13:47:13.775-0400 [DEBUG] [org.gradle.internal.remote.internal.inet.InetAddresses] Adding IP addresses for network interface WAN Miniport (PPTP)
2026-06-18T13:47:13.776-0400 [DEBUG] [org.gradle.internal.remote.internal.inet.InetAddresses] Is this a loopback interface? false
2026-06-18T13:47:13.795-0400 [INFO] [org.gradle.launcher.daemon.server.Daemon] start() called on daemon - DefaultDaemonContext[uid=6bae6673-3fd7-418e-aaf9-f5b2f529f4e9,javaHome=C:\tmp\temurin25\jdk-25.0.3+9,javaVersion=25,javaVendor=Eclipse Adoptium,daemonRegistryDir=C:\Users\joshu\OneDrive\Desktop\Server-Mods\.gradle-build\daemon,pid=30492,idleTimeout=10800000,priority=NORMAL,applyInstrumentationAgent=true,nativeServicesMode=ENABLED,daemonOpts=-Xmx1G,-Dfile.encoding=UTF-8,-Duser.country=US,-Duser.language=en,-Duser.variant]
2026-06-18T13:47:13.814-0400 [DEBUG] [org.gradle.internal.remote.internal.inet.TcpIncomingConnector] Listening on [d187b200-c444-450d-874c-5f59361ed267 port:52234, addresses:[localhost/127.0.0.1]].
2026-06-18T13:47:13.817-0400 [DEBUG] [org.gradle.launcher.daemon.server.Daemon] Daemon starting at: Thu Jun 18 13:47:13 EDT 2026, with address: [d187b200-c444-450d-874c-5f59361ed267 port:52234, addresses:[localhost/127.0.0.1]]
2026-06-18T13:47:13.817-0400 [INFO] [org.gradle.launcher.daemon.server.DaemonRegistryUpdater] Advertising the daemon address to the clients: [d187b200-c444-450d-874c-5f59361ed267 port:52234, addresses:[localhost/127.0.0.1]]
2026-06-18T13:47:13.817-0400 [DEBUG] [org.gradle.launcher.daemon.server.DaemonRegistryUpdater] Advertised daemon context: DefaultDaemonContext[uid=6bae6673-3fd7-418e-aaf9-f5b2f529f4e9,javaHome=C:\tmp\temurin25\jdk-25.0.3+9,javaVersion=25,javaVendor=Eclipse Adoptium,daemonRegistryDir=C:\Users\joshu\OneDrive\Desktop\Server-Mods\.gradle-build\daemon,pid=30492,idleTimeout=10800000,priority=NORMAL,applyInstrumentationAgent=true,nativeServicesMode=ENABLED,daemonOpts=-Xmx1G,-Dfile.encoding=UTF-8,-Duser.country=US,-Duser.language=en,-Duser.variant]
2026-06-18T13:47:13.817-0400 [DEBUG] [org.gradle.launcher.daemon.registry.PersistentDaemonRegistry] Storing daemon address: [d187b200-c444-450d-874c-5f59361ed267 port:52234, addresses:[localhost/127.0.0.1]], context: DefaultDaemonContext[uid=6bae6673-3fd7-418e-aaf9-f5b2f529f4e9,javaHome=C:\tmp\temurin25\jdk-25.0.3+9,javaVersion=25,javaVendor=Eclipse Adoptium,daemonRegistryDir=C:\Users\joshu\OneDrive\Desktop\Server-Mods\.gradle-build\daemon,pid=30492,idleTimeout=10800000,priority=NORMAL,applyInstrumentationAgent=true,nativeServicesMode=ENABLED,daemonOpts=-Xmx1G,-Dfile.encoding=UTF-8,-Duser.country=US,-Duser.language=en,-Duser.variant]
2026-06-18T13:47:13.826-0400 [DEBUG] [org.gradle.cache.internal.DefaultFileLockManager] Waiting to acquire exclusive lock on daemon addresses registry.
2026-06-18T13:47:13.828-0400 [DEBUG] [org.gradle.cache.internal.DefaultFileLockManager] Lock acquired on daemon addresses registry.
2026-06-18T13:47:13.831-0400 [DEBUG] [org.gradle.cache.internal.DefaultFileLockManager] Releasing lock on daemon addresses registry.
2026-06-18T13:47:13.832-0400 [LIFECYCLE] [org.gradle.launcher.daemon.server.Daemon] Daemon server started.
2026-06-18T13:47:13.832-0400 [DEBUG] [org.gradle.launcher.daemon.bootstrap.DaemonStartupCommunication] Completed writing the daemon greeting. Closing streams...
2026-06-18T13:47:13.837-0400 [DEBUG] [org.gradle.launcher.daemon.server.Daemon] stopOnExpiration() called on daemon
2026-06-18T13:47:13.838-0400 [DEBUG] [org.gradle.launcher.daemon.server.Daemon] awaitExpiration() called on daemon
2026-06-18T13:47:13.838-0400 [DEBUG] [org.gradle.launcher.daemon.server.DaemonStateCoordinator] daemon is running. Sleeping until state changes.
2026-06-18T13:47:13.846-0400 [DEBUG] [org.gradle.internal.remote.internal.inet.TcpIncomingConnector] Accepted connection from /127.0.0.1:55262 to /127.0.0.1:52234.
2026-06-18T13:47:13.876-0400 [DEBUG] [org.gradle.launcher.daemon.server.SynchronizedDispatchConnection] thread 53: received class org.gradle.launcher.daemon.protocol.Build
2026-06-18T13:47:13.876-0400 [DEBUG] [org.gradle.launcher.daemon.server.DefaultDaemonConnection] thread 53: Received non-IO message from client: Build{id=14ce3a65-f614-4863-822f-e88fd499e886, currentDir=C:\Users\joshu\OneDrive\Desktop\Server-Mods}
2026-06-18T13:47:13.876-0400 [INFO] [org.gradle.launcher.daemon.server.DefaultIncomingConnectionHandler] Received command: Build{id=14ce3a65-f614-4863-822f-e88fd499e886, currentDir=C:\Users\joshu\OneDrive\Desktop\Server-Mods}.
2026-06-18T13:47:13.876-0400 [DEBUG] [org.gradle.launcher.daemon.server.DefaultIncomingConnectionHandler] Starting executing command: Build{id=14ce3a65-f614-4863-822f-e88fd499e886, currentDir=C:\Users\joshu\OneDrive\Desktop\Server-Mods} with connection: socket connection from /127.0.0.1:52234 to /127.0.0.1:55262.
2026-06-18T13:47:13.877-0400 [DEBUG] [org.gradle.launcher.daemon.server.DaemonStateCoordinator] Command execution: started DaemonCommandExecution[command = Build{id=14ce3a65-f614-4863-822f-e88fd499e886, currentDir=C:\Users\joshu\OneDrive\Desktop\Server-Mods}, connection = DefaultDaemonConnection: socket connection from /127.0.0.1:52234 to /127.0.0.1:55262] after 0.0010666666666666667 minutes of idle
2026-06-18T13:47:13.877-0400 [INFO] [org.gradle.launcher.daemon.server.DaemonRegistryUpdater] Marking the daemon as busy, address: [d187b200-c444-450d-874c-5f59361ed267 port:52234, addresses:[localhost/127.0.0.1]]
2026-06-18T13:47:13.877-0400 [DEBUG] [org.gradle.launcher.daemon.registry.PersistentDaemonRegistry] Marking busy by address: [d187b200-c444-450d-874c-5f59361ed267 port:52234, addresses:[localhost/127.0.0.1]]
2026-06-18T13:47:13.878-0400 [DEBUG] [org.gradle.cache.internal.DefaultFileLockManager] Waiting to acquire exclusive lock on daemon addresses registry.
2026-06-18T13:47:13.878-0400 [DEBUG] [org.gradle.cache.internal.DefaultFileLockManager] Lock acquired on daemon addresses registry.
2026-06-18T13:47:13.879-0400 [DEBUG] [org.gradle.cache.internal.DefaultFileLockManager] Releasing lock on daemon addresses registry.
2026-06-18T13:47:13.879-0400 [DEBUG] [org.gradle.launcher.daemon.server.DaemonStateCoordinator] resetting idle timer
2026-06-18T13:47:13.879-0400 [DEBUG] [org.gradle.launcher.daemon.server.DaemonStateCoordinator] daemon is running. Sleeping until state changes.
2026-06-18T13:47:13.879-0400 [INFO] [org.gradle.launcher.daemon.server.exec.StartBuildOrRespondWithBusy] Daemon is about to start building Build{id=14ce3a65-f614-4863-822f-e88fd499e886, currentDir=C:\Users\joshu\OneDrive\Desktop\Server-Mods}. Dispatching build started information...
2026-06-18T13:47:13.880-0400 [DEBUG] [org.gradle.launcher.daemon.server.SynchronizedDispatchConnection] thread 55: dispatching org.gradle.launcher.daemon.protocol.BuildStarted@78d61ce7
2026-06-18T13:47:13.880-0400 [DEBUG] [org.gradle.launcher.daemon.server.exec.EstablishBuildEnvironment] Configuring env variables: [PATH, USERDOMAIN_ROAMINGPROFILE, PROCESSOR_LEVEL, GIT_PAGER, ALLUSERSPROFILE, GIT_CONFIG_COUNT, CODEX_SHELL, PROCESSOR_ARCHITECTURE, PSModulePath, SystemDrive, USERNAME, GIT_CONFIG_VALUE_0, ProgramFiles(x86), CODEX_INTERNAL_ORIGINATOR_OVERRIDE, CODEX_SANDBOX_NETWORK_DISABLED, PATHEXT, SHELL, DriverData, PAGER, LOG_FORMAT, ProgramData, ProgramW6432, HOMEPATH, PROCESSOR_IDENTIFIER, ProgramFiles, PUBLIC, ZSH_TMUX_AUTOSTARTED, LESS, windir, LOCALAPPDATA, USERDOMAIN, LOGONSERVER, JAVA_HOME, PROMPT, RUST_LOG, OneDrive, =C:, APPDATA, CODEX_THREAD_ID, CommonProgramFiles, Path, GIT_CONFIG_KEY_0, DISABLE_AUTO_UPDATE, OS, COMPUTERNAME, PROCESSOR_REVISION, CommonProgramW6432, ComSpec, ZSH_TMUX_AUTOSTART, CODEX_SQLITE_HOME, SystemRoot, TEMP, HOMEDRIVE, USERPROFILE, TMP, CommonProgramFiles(x86), NUMBER_OF_PROCESSORS]
2026-06-18T13:47:13.882-0400 [DEBUG] [org.gradle.launcher.daemon.server.exec.LogToClient] About to start relaying all logs to the client via the connection.
2026-06-18T13:47:13.883-0400 [INFO] [org.gradle.launcher.daemon.server.exec.LogToClient] The client will now receive all logging from the daemon (pid: 30492). The daemon log file: C:\Users\joshu\OneDrive\Desktop\Server-Mods\.gradle-build\daemon\9.5.0\daemon-30492.out.log
2026-06-18T13:47:13.889-0400 [INFO] [org.gradle.launcher.daemon.server.exec.LogAndCheckHealth] Starting build in new daemon [memory: 1 GiB]
2026-06-18T13:47:13.892-0400 [DEBUG] [org.gradle.launcher.daemon.server.exec.ExecuteBuild] The daemon has started executing the build.
2026-06-18T13:47:13.892-0400 [DEBUG] [org.gradle.launcher.daemon.server.exec.ExecuteBuild] Executing build with daemon context: DefaultDaemonContext[uid=6bae6673-3fd7-418e-aaf9-f5b2f529f4e9,javaHome=C:\tmp\temurin25\jdk-25.0.3+9,javaVersion=25,javaVendor=Eclipse Adoptium,daemonRegistryDir=C:\Users\joshu\OneDrive\Desktop\Server-Mods\.gradle-build\daemon,pid=30492,idleTimeout=10800000,priority=NORMAL,applyInstrumentationAgent=true,nativeServicesMode=ENABLED,daemonOpts=-Xmx1G,-Dfile.encoding=UTF-8,-Duser.country=US,-Duser.language=en,-Duser.variant]

[Incubating] Problems report is available at: file:///C:/Users/joshu/OneDrive/Desktop/Server-Mods/build/reports/problems/problems-report.html

FAILURE: Build failed with an exception.

* Where:
Build file 'C:\Users\joshu\OneDrive\Desktop\Server-Mods\build.gradle' line: 39

* What went wrong:
Execution failed for task ':downloadMinecraftJars' (registered in build file 'build.gradle').
> Unable to download Minecraft 26.2 metadata from https://piston-meta.mojang.com/mc/game/version_manifest_v2.json. Check your network connection, then rerun this task. Once downloaded, the jars are cached in C:\Users\joshu\OneDrive\Desktop\Server-Mods\.gradle\unobfuscated-minecraft\26.2.

* Try:
> Run with --stacktrace option to get the stack trace.
> Run with --info or --debug option to get more log output.
> Run with --scan to get full insights from a Build Scan (powered by Develocity).
> Get more help at https://help.gradle.org.

Deprecated Gradle features were used in this build, making it incompatible with Gradle 10.

You can use '--warning-mode all' to show the individual deprecation warnings and determine if they come from your own scripts or plugins.

For more on this, please refer to https://docs.gradle.org/9.5.0/userguide/command_line_interface.html#sec:command_line_warnings in the Gradle documentation.

BUILD FAILED in 3s
1 actionable task: 1 executed
2026-06-18T13:47:16.505-0400 [DEBUG] [org.gradle.launcher.daemon.server.exec.ExecuteBuild] The daemon has finished executing the build.
2026-06-18T13:47:16.522-0400 [DEBUG] [org.gradle.launcher.daemon.server.DaemonStateCoordinator] daemon is running. Sleeping until state changes.
2026-06-18T13:47:16.522-0400 [DEBUG] [org.gradle.launcher.daemon.server.DaemonStateCoordinator] Command execution: finished waiting for DaemonCommandExecution[command = Build{id=14ce3a65-f614-4863-822f-e88fd499e886, currentDir=C:\Users\joshu\OneDrive\Desktop\Server-Mods}, connection = DefaultDaemonConnection: socket connection from /127.0.0.1:52234 to /127.0.0.1:55262]. Result org.gradle.launcher.daemon.server.DaemonStateCoordinator@4e2a6641 with state Busy
2026-06-18T13:47:16.522-0400 [DEBUG] [org.gradle.launcher.daemon.server.DaemonStateCoordinator] Command execution: completed DaemonCommandExecution[command = Build{id=14ce3a65-f614-4863-822f-e88fd499e886, currentDir=C:\Users\joshu\OneDrive\Desktop\Server-Mods}, connection = DefaultDaemonConnection: socket connection from /127.0.0.1:52234 to /127.0.0.1:55262]
2026-06-18T13:47:16.522-0400 [DEBUG] [org.gradle.launcher.daemon.server.DaemonStateCoordinator] resetting idle timer
2026-06-18T13:47:16.523-0400 [INFO] [org.gradle.launcher.daemon.server.DaemonRegistryUpdater] Marking the daemon as idle, address: [d187b200-c444-450d-874c-5f59361ed267 port:52234, addresses:[localhost/127.0.0.1]]
2026-06-18T13:47:16.523-0400 [DEBUG] [org.gradle.launcher.daemon.registry.PersistentDaemonRegistry] Marking busy by address: [d187b200-c444-450d-874c-5f59361ed267 port:52234, addresses:[localhost/127.0.0.1]]
2026-06-18T13:47:16.529-0400 [DEBUG] [org.gradle.cache.internal.DefaultFileLockManager] Waiting to acquire exclusive lock on daemon addresses registry.
2026-06-18T13:47:16.530-0400 [DEBUG] [org.gradle.cache.internal.DefaultFileLockManager] Lock acquired on daemon addresses registry.
2026-06-18T13:47:16.531-0400 [DEBUG] [org.gradle.cache.internal.DefaultFileLockManager] Releasing lock on daemon addresses registry.
2026-06-18T13:47:16.532-0400 [DEBUG] [org.gradle.launcher.daemon.server.DaemonStateCoordinator] daemon is running. Sleeping until state changes.
2026-06-18T13:47:16.532-0400 [DEBUG] [org.gradle.launcher.daemon.server.exec.ReturnResult] Daemon is dispatching the build result: Success[value=org.gradle.launcher.exec.BuildActionResult@91f095]
2026-06-18T13:47:16.532-0400 [DEBUG] [org.gradle.launcher.daemon.server.SynchronizedDispatchConnection] thread 52: dispatching Success[value=org.gradle.launcher.exec.BuildActionResult@91f095]
2026-06-18T13:47:16.536-0400 [DEBUG] [org.gradle.launcher.daemon.server.exec.CleanUpVirtualFileSystemAfterBuild] Cleaning virtual file system after build finished
2026-06-18T13:47:16.536-0400 [DEBUG] [org.gradle.launcher.daemon.server.DefaultIncomingConnectionHandler] Finishing executing command: Build{id=14ce3a65-f614-4863-822f-e88fd499e886, currentDir=C:\Users\joshu\OneDrive\Desktop\Server-Mods}
2026-06-18T13:47:16.549-0400 [DEBUG] [org.gradle.launcher.daemon.server.SynchronizedDispatchConnection] thread 53: received class org.gradle.launcher.daemon.protocol.CloseInput
2026-06-18T13:47:16.550-0400 [DEBUG] [org.gradle.launcher.daemon.server.DefaultDaemonConnection] thread 53: Received IO message from client: org.gradle.launcher.daemon.protocol.CloseInput@24450d01
2026-06-18T13:47:16.550-0400 [DEBUG] [org.gradle.launcher.daemon.server.SynchronizedDispatchConnection] thread 53: received class org.gradle.launcher.daemon.protocol.Finished
2026-06-18T13:47:16.550-0400 [DEBUG] [org.gradle.launcher.daemon.server.DefaultDaemonConnection] thread 53: Received non-IO message from client: org.gradle.launcher.daemon.protocol.Finished@50f613c9
2026-06-18T13:47:16.550-0400 [DEBUG] [org.gradle.launcher.daemon.server.DefaultIncomingConnectionHandler] Received finished message: org.gradle.launcher.daemon.protocol.Finished@50f613c9
2026-06-18T13:47:16.550-0400 [DEBUG] [org.gradle.launcher.daemon.server.SynchronizedDispatchConnection] thread 52: stopping connection
2026-06-18T13:47:16.551-0400 [DEBUG] [org.gradle.internal.remote.internal.inet.SocketConnection] Discarding EOFException: java.io.EOFException
2026-06-18T13:47:16.551-0400 [DEBUG] [org.gradle.launcher.daemon.server.SynchronizedDispatchConnection] thread 53: received null
2026-06-18T13:47:16.551-0400 [DEBUG] [org.gradle.launcher.daemon.server.DefaultDaemonConnection] thread 53: Received end-of-input from client.
2026-06-18T13:47:16.551-0400 [DEBUG] [org.gradle.launcher.daemon.server.SynchronizedDispatchConnection] thread 52: stopping connection
